{
  "0 debug pnpm:scope": {
    "selected": 1
  },
  "1 debug pnpm": {
    "isCaseSensitive": false,
    "store": "C:\\Users\\Joshua Dix\\.pnpm-store\\2"
  },
  "2 debug pnpm:package-manifest": {
    "initial": {},
    "prefix": "C:\\Users\\Joshua Dix\\AppData\\Roaming\\npm\\pnpm-global\\3"
  },
  "3 debug pnpm:stage": {
    "prefix": "C:\\Users\\Joshua Dix\\AppData\\Roaming\\npm\\pnpm-global\\3",
    "stage": "resolution_started"
  },
  "4 error pnpm": {
    "message": {
      "code": "ERR_PNPM_NO_IMPORTER_MANIFEST_FOUND",
      "pkgsStack": []
    },
    "err": {
      "name": "Error",
      "message": "No package.json (or package.yaml, or package.json5) was found in \"C:\\Users\\Joshua Dix\\AppData\\Roaming\\npm\\pnpm-global\\3\\Dix\\AppData\\Roaming\\npm-cache\\_npx\\3684\".",
      "code": "ERR_PNPM_NO_IMPORTER_MANIFEST_FOUND",
      "stack": "Error: No package.json (or package.yaml, or package.json5) was found in \"C:\\Users\\Joshua Dix\\AppData\\Roaming\\npm\\pnpm-global\\3\\Dix\\AppData\\Roaming\\npm-cache\\_npx\\3684\".\n    at readProjectManifest (C:\\Users\\Joshua Dix\\AppData\\Roaming\\npm\\node_modules\\pnpm\\lib\\node_modules\\@pnpm\\read-project-manifest\\lib\\index.js:20:11)\n    at async Object.readProjectManifestOnly (C:\\Users\\Joshua Dix\\AppData\\Roaming\\npm\\node_modules\\pnpm\\lib\\node_modules\\@pnpm\\read-project-manifest\\lib\\index.js:24:26)\n    at async Object.resolveLocal [as default] (C:\\Users\\Joshua Dix\\AppData\\Roaming\\npm\\node_modules\\pnpm\\lib\\node_modules\\@pnpm\\local-resolver\\lib\\index.js:29:35)\n    at async Object.resolve (C:\\Users\\Joshua Dix\\AppData\\Roaming\\npm\\node_modules\\pnpm\\lib\\node_modules\\@pnpm\\default-resolver\\lib\\index.js:15:20)\n    at async run (C:\\Users\\Joshua Dix\\AppData\\Roaming\\npm\\node_modules\\pnpm\\lib\\node_modules\\p-queue\\dist\\index.js:255:29)"
    }
  }
}